[ 2015-06-04T00:48:32+08:00 ] ::1 /ThinkPHP_BlueSky/index.php/tree_data1.json
INFO: [ app_init ] --START--
INFO: Run Behavior\BuildLiteBehavior [ RunTime:0.000073s ]
INFO: [ app_init ] --END-- [ RunTime:0.001071s ]
ERR: 无法加载模块:Tree_data1

[ 2015-06-04T00:48:32+08:00 ] ::1 /ThinkPHP_BlueSky/index.php/_content.html?_=1433350112188
INFO: [ app_init ] --START--
INFO: Run Behavior\BuildLiteBehavior [ RunTime:0.000078s ]
INFO: [ app_init ] --END-- [ RunTime:0.001143s ]
ERR: 无法加载模块:_content

[ 2015-06-04T00:48:32+08:00 ] ::1 /ThinkPHP_BlueSky/index.php/datagrid_data1.json
INFO: [ app_init ] --START--
INFO: Run Behavior\BuildLiteBehavior [ RunTime:0.000043s ]
INFO: [ app_init ] --END-- [ RunTime:0.000635s ]
ERR: 无法加载模块:Datagrid_data1

[ 2015-06-04T00:49:06+08:00 ] ::1 /ThinkPHP_BlueSky/index.php/tree_data1.json
INFO: [ app_init ] --START--
INFO: Run Behavior\BuildLiteBehavior [ RunTime:0.000078s ]
INFO: [ app_init ] --END-- [ RunTime:0.000943s ]
ERR: 无法加载模块:Tree_data1

[ 2015-06-04T00:49:06+08:00 ] ::1 /ThinkPHP_BlueSky/index.php/_content.html?_=1433350146596
INFO: [ app_init ] --START--
INFO: Run Behavior\BuildLiteBehavior [ RunTime:0.000076s ]
INFO: [ app_init ] --END-- [ RunTime:0.001085s ]
ERR: 无法加载模块:_content

[ 2015-06-04T00:49:06+08:00 ] ::1 /ThinkPHP_BlueSky/index.php/datagrid_data1.json
INFO: [ app_init ] --START--
INFO: Run Behavior\BuildLiteBehavior [ RunTime:0.000048s ]
INFO: [ app_init ] --END-- [ RunTime:0.000782s ]
ERR: 无法加载模块:Datagrid_data1

[ 2015-06-04T00:51:04+08:00 ] ::1 /ThinkPHP_BlueSky/index.php/tree_data1.json
INFO: [ app_init ] --START--
INFO: Run Behavior\BuildLiteBehavior [ RunTime:0.000047s ]
INFO: [ app_init ] --END-- [ RunTime:0.000769s ]
ERR: 无法加载模块:Tree_data1

[ 2015-06-04T00:51:04+08:00 ] ::1 /ThinkPHP_BlueSky/index.php/_content.html?_=1433350264662
INFO: [ app_init ] --START--
INFO: Run Behavior\BuildLiteBehavior [ RunTime:0.000054s ]
INFO: [ app_init ] --END-- [ RunTime:0.000748s ]
ERR: 无法加载模块:_content

[ 2015-06-04T00:51:04+08:00 ] ::1 /ThinkPHP_BlueSky/index.php/datagrid_data1.json
INFO: [ app_init ] --START--
INFO: Run Behavior\BuildLiteBehavior [ RunTime:0.000049s ]
INFO: [ app_init ] --END-- [ RunTime:0.000800s ]
ERR: 无法加载模块:Datagrid_data1

[ 2015-06-04T00:51:49+08:00 ] ::1 /ThinkPHP_BlueSky/index.php/tree_data1.json
INFO: [ app_init ] --START--
INFO: Run Behavior\BuildLiteBehavior [ RunTime:0.000080s ]
INFO: [ app_init ] --END-- [ RunTime:0.001112s ]
ERR: 无法加载模块:Tree_data1

[ 2015-06-04T00:51:49+08:00 ] ::1 /ThinkPHP_BlueSky/index.php/_content.html?_=1433350309736
INFO: [ app_init ] --START--
INFO: Run Behavior\BuildLiteBehavior [ RunTime:0.000067s ]
INFO: [ app_init ] --END-- [ RunTime:0.000912s ]
ERR: 无法加载模块:_content

[ 2015-06-04T00:51:50+08:00 ] ::1 /ThinkPHP_BlueSky/index.php/datagrid_data1.json
INFO: [ app_init ] --START--
INFO: Run Behavior\BuildLiteBehavior [ RunTime:0.000080s ]
INFO: [ app_init ] --END-- [ RunTime:0.001243s ]
ERR: 无法加载模块:Datagrid_data1

[ 2015-06-04T00:52:58+08:00 ] ::1 /ThinkPHP_BlueSky/index.php/_content.html?_=1433350378636
INFO: [ app_init ] --START--
INFO: Run Behavior\BuildLiteBehavior [ RunTime:0.000075s ]
INFO: [ app_init ] --END-- [ RunTime:0.001140s ]
ERR: 无法加载模块:_content

[ 2015-06-04T00:52:58+08:00 ] ::1 /ThinkPHP_BlueSky/index.php/datagrid_data1.json
INFO: [ app_init ] --START--
INFO: Run Behavior\BuildLiteBehavior [ RunTime:0.000053s ]
INFO: [ app_init ] --END-- [ RunTime:0.001082s ]
ERR: 无法加载模块:Datagrid_data1

[ 2015-06-04T00:53:24+08:00 ] ::1 /ThinkPHP_BlueSky/index.php/_content.html?_=1433350403996
INFO: [ app_init ] --START--
INFO: Run Behavior\BuildLiteBehavior [ RunTime:0.000082s ]
INFO: [ app_init ] --END-- [ RunTime:0.001277s ]
ERR: 无法加载模块:_content

[ 2015-06-04T00:53:24+08:00 ] ::1 /ThinkPHP_BlueSky/index.php/datagrid_data1.json
INFO: [ app_init ] --START--
INFO: Run Behavior\BuildLiteBehavior [ RunTime:0.000081s ]
INFO: [ app_init ] --END-- [ RunTime:0.001148s ]
ERR: 无法加载模块:Datagrid_data1

[ 2015-06-04T00:53:34+08:00 ] ::1 /ThinkPHP_BlueSky/index.php/_content.html?_=1433350403997
INFO: [ app_init ] --START--
INFO: Run Behavior\BuildLiteBehavior [ RunTime:0.000142s ]
INFO: [ app_init ] --END-- [ RunTime:0.001573s ]
ERR: 无法加载模块:_content

[ 2015-06-04T00:54:33+08:00 ] ::1 /ThinkPHP_BlueSky/index.php/_content.html?_=1433350473018
INFO: [ app_init ] --START--
INFO: Run Behavior\BuildLiteBehavior [ RunTime:0.000067s ]
INFO: [ app_init ] --END-- [ RunTime:0.001054s ]
ERR: 无法加载模块:_content

[ 2015-06-04T00:54:33+08:00 ] ::1 /ThinkPHP_BlueSky/index.php/datagrid_data1.json
INFO: [ app_init ] --START--
INFO: Run Behavior\BuildLiteBehavior [ RunTime:0.000068s ]
INFO: [ app_init ] --END-- [ RunTime:0.000794s ]
ERR: 无法加载模块:Datagrid_data1

[ 2015-06-04T00:54:57+08:00 ] ::1 /ThinkPHP_BlueSky/index.php/_content.html?_=1433350497132
INFO: [ app_init ] --START--
INFO: Run Behavior\BuildLiteBehavior [ RunTime:0.000081s ]
INFO: [ app_init ] --END-- [ RunTime:0.001171s ]
ERR: 无法加载模块:_content

[ 2015-06-04T00:54:57+08:00 ] ::1 /ThinkPHP_BlueSky/index.php/datagrid_data1.json
INFO: [ app_init ] --START--
INFO: Run Behavior\BuildLiteBehavior [ RunTime:0.000051s ]
INFO: [ app_init ] --END-- [ RunTime:0.000928s ]
ERR: 无法加载模块:Datagrid_data1

[ 2015-06-04T00:55:31+08:00 ] ::1 /ThinkPHP_BlueSky/index.php/_content.html?_=1433350531136
INFO: [ app_init ] --START--
INFO: Run Behavior\BuildLiteBehavior [ RunTime:0.000079s ]
INFO: [ app_init ] --END-- [ RunTime:0.001122s ]
ERR: 无法加载模块:_content

[ 2015-06-04T00:55:31+08:00 ] ::1 /ThinkPHP_BlueSky/index.php/datagrid_data1.json
INFO: [ app_init ] --START--
INFO: Run Behavior\BuildLiteBehavior [ RunTime:0.000049s ]
INFO: [ app_init ] --END-- [ RunTime:0.000779s ]
ERR: 无法加载模块:Datagrid_data1

[ 2015-06-04T00:56:00+08:00 ] ::1 /ThinkPHP_BlueSky/index.php/_content.html?_=1433350560291
INFO: [ app_init ] --START--
INFO: Run Behavior\BuildLiteBehavior [ RunTime:0.000047s ]
INFO: [ app_init ] --END-- [ RunTime:0.000758s ]
ERR: 无法加载模块:_content

[ 2015-06-04T00:56:00+08:00 ] ::1 /ThinkPHP_BlueSky/index.php/datagrid_data1.json
INFO: [ app_init ] --START--
INFO: Run Behavior\BuildLiteBehavior [ RunTime:0.000115s ]
INFO: [ app_init ] --END-- [ RunTime:0.001385s ]
ERR: 无法加载模块:Datagrid_data1

[ 2015-06-04T11:20:13+08:00 ] ::1 /ThinkPHP_BlueSky/index.php/_content.html?_=1433388012875
INFO: [ app_init ] --START--
INFO: Run Behavior\BuildLiteBehavior [ RunTime:0.000046s ]
INFO: [ app_init ] --END-- [ RunTime:0.000761s ]
ERR: 无法加载模块:_content

[ 2015-06-04T11:20:13+08:00 ] ::1 /ThinkPHP_BlueSky/index.php/datagrid_data1.json
INFO: [ app_init ] --START--
INFO: Run Behavior\BuildLiteBehavior [ RunTime:0.000112s ]
INFO: [ app_init ] --END-- [ RunTime:0.001787s ]
ERR: 无法加载模块:Datagrid_data1

[ 2015-06-04T11:21:54+08:00 ] ::1 /ThinkPHP_BlueSky/index.php/_content.html?_=1433388114261
INFO: [ app_init ] --START--
INFO: Run Behavior\BuildLiteBehavior [ RunTime:0.000053s ]
INFO: [ app_init ] --END-- [ RunTime:0.001194s ]
ERR: 无法加载模块:_content

[ 2015-06-04T11:21:54+08:00 ] ::1 /ThinkPHP_BlueSky/index.php/datagrid_data1.json
INFO: [ app_init ] --START--
INFO: Run Behavior\BuildLiteBehavior [ RunTime:0.000075s ]
INFO: [ app_init ] --END-- [ RunTime:0.001176s ]
ERR: 无法加载模块:Datagrid_data1

[ 2015-06-04T11:22:54+08:00 ] ::1 /ThinkPHP_BlueSky/index.php/_content.html?_=1433388174184
INFO: [ app_init ] --START--
INFO: Run Behavior\BuildLiteBehavior [ RunTime:0.000089s ]
INFO: [ app_init ] --END-- [ RunTime:0.001376s ]
ERR: 无法加载模块:_content

[ 2015-06-04T11:22:54+08:00 ] ::1 /ThinkPHP_BlueSky/index.php/datagrid_data1.json
INFO: [ app_init ] --START--
INFO: Run Behavior\BuildLiteBehavior [ RunTime:0.000048s ]
INFO: [ app_init ] --END-- [ RunTime:0.000795s ]
ERR: 无法加载模块:Datagrid_data1

[ 2015-06-04T15:00:51+08:00 ] ::1 /ThinkPHP_BlueSky/index.php/_content.html?_=1433401251329
INFO: [ app_init ] --START--
INFO: Run Behavior\BuildLiteBehavior [ RunTime:0.000049s ]
INFO: [ app_init ] --END-- [ RunTime:0.001008s ]
ERR: 无法加载模块:_content

[ 2015-06-04T15:00:51+08:00 ] ::1 /ThinkPHP_BlueSky/index.php/datagrid_data1.json
INFO: [ app_init ] --START--
INFO: Run Behavior\BuildLiteBehavior [ RunTime:0.000051s ]
INFO: [ app_init ] --END-- [ RunTime:0.000894s ]
ERR: 无法加载模块:Datagrid_data1

[ 2015-06-04T15:29:22+08:00 ] ::1 /ThinkPHP_BlueSky/index.php/_content.html?_=1433402962128
INFO: [ app_init ] --START--
INFO: Run Behavior\BuildLiteBehavior [ RunTime:0.000086s ]
INFO: [ app_init ] --END-- [ RunTime:0.001338s ]
ERR: 无法加载模块:_content

[ 2015-06-04T15:29:22+08:00 ] ::1 /ThinkPHP_BlueSky/index.php/datagrid_data1.json
INFO: [ app_init ] --START--
INFO: Run Behavior\BuildLiteBehavior [ RunTime:0.000071s ]
INFO: [ app_init ] --END-- [ RunTime:0.001256s ]
ERR: 无法加载模块:Datagrid_data1

[ 2015-06-04T15:32:46+08:00 ] ::1 /ThinkPHP_BlueSky/index.php/_content.html?_=1433403166511
INFO: [ app_init ] --START--
INFO: Run Behavior\BuildLiteBehavior [ RunTime:0.000079s ]
INFO: [ app_init ] --END-- [ RunTime:0.001257s ]
ERR: 无法加载模块:_content

[ 2015-06-04T15:32:46+08:00 ] ::1 /ThinkPHP_BlueSky/index.php/datagrid_data1.json
INFO: [ app_init ] --START--
INFO: Run Behavior\BuildLiteBehavior [ RunTime:0.000047s ]
INFO: [ app_init ] --END-- [ RunTime:0.000891s ]
ERR: 无法加载模块:Datagrid_data1

[ 2015-06-04T15:51:36+08:00 ] ::1 /ThinkPHP_BlueSky/index.php/_content.html?_=1433404295880
INFO: [ app_init ] --START--
INFO: Run Behavior\BuildLiteBehavior [ RunTime:0.000050s ]
INFO: [ app_init ] --END-- [ RunTime:0.000986s ]
ERR: 无法加载模块:_content

[ 2015-06-04T15:51:36+08:00 ] ::1 /ThinkPHP_BlueSky/index.php/datagrid_data1.json
INFO: [ app_init ] --START--
INFO: Run Behavior\BuildLiteBehavior [ RunTime:0.000140s ]
INFO: [ app_init ] --END-- [ RunTime:0.001820s ]
ERR: 无法加载模块:Datagrid_data1

[ 2015-06-04T15:52:04+08:00 ] ::1 /ThinkPHP_BlueSky/index.php/System
INFO: [ app_init ] --START--
INFO: Run Behavior\BuildLiteBehavior [ RunTime:0.000075s ]
INFO: [ app_init ] --END-- [ RunTime:0.001085s ]
ERR: 无法加载模块:System

[ 2015-06-04T15:52:53+08:00 ] ::1 /ThinkPHP_BlueSky/index.php/System
INFO: [ app_init ] --START--
INFO: Run Behavior\BuildLiteBehavior [ RunTime:0.000046s ]
INFO: [ app_init ] --END-- [ RunTime:0.001014s ]
ERR: 无法加载模块:System

[ 2015-06-04T15:53:00+08:00 ] ::1 /ThinkPHP_BlueSky/index.php/System/Index/index
INFO: [ app_init ] --START--
INFO: Run Behavior\BuildLiteBehavior [ RunTime:0.000059s ]
INFO: [ app_init ] --END-- [ RunTime:0.001115s ]
ERR: 无法加载模块:System

[ 2015-06-04T15:53:05+08:00 ] ::1 /ThinkPHP_BlueSky/index.php/System/Index/index
INFO: [ app_init ] --START--
INFO: Run Behavior\BuildLiteBehavior [ RunTime:0.000076s ]
INFO: [ app_init ] --END-- [ RunTime:0.001122s ]
ERR: 无法加载模块:System

[ 2015-06-04T15:53:58+08:00 ] ::1 /ThinkPHP_BlueSky/index.php/_content.html?_=1433404437697
INFO: [ app_init ] --START--
INFO: Run Behavior\BuildLiteBehavior [ RunTime:0.000073s ]
INFO: [ app_init ] --END-- [ RunTime:0.001246s ]
ERR: 无法加载模块:_content

[ 2015-06-04T15:53:58+08:00 ] ::1 /ThinkPHP_BlueSky/index.php/datagrid_data1.json
INFO: [ app_init ] --START--
INFO: Run Behavior\BuildLiteBehavior [ RunTime:0.000081s ]
INFO: [ app_init ] --END-- [ RunTime:0.001284s ]
ERR: 无法加载模块:Datagrid_data1

[ 2015-06-04T15:54:49+08:00 ] ::1 /ThinkPHP_BlueSky/index.php/_content.html?_=1433404489310
INFO: [ app_init ] --START--
INFO: Run Behavior\BuildLiteBehavior [ RunTime:0.000078s ]
INFO: [ app_init ] --END-- [ RunTime:0.001018s ]
ERR: 无法加载模块:_content

[ 2015-06-04T15:54:49+08:00 ] ::1 /ThinkPHP_BlueSky/index.php/datagrid_data1.json
INFO: [ app_init ] --START--
INFO: Run Behavior\BuildLiteBehavior [ RunTime:0.000096s ]
INFO: [ app_init ] --END-- [ RunTime:0.001162s ]
ERR: 无法加载模块:Datagrid_data1

[ 2015-06-04T15:59:53+08:00 ] ::1 /ThinkPHP_BlueSky/index.php/_content.html?_=1433404793707
INFO: [ app_init ] --START--
INFO: Run Behavior\BuildLiteBehavior [ RunTime:0.000046s ]
INFO: [ app_init ] --END-- [ RunTime:0.000812s ]
ERR: 无法加载模块:_content

[ 2015-06-04T15:59:54+08:00 ] ::1 /ThinkPHP_BlueSky/index.php/datagrid_data1.json
INFO: [ app_init ] --START--
INFO: Run Behavior\BuildLiteBehavior [ RunTime:0.000043s ]
INFO: [ app_init ] --END-- [ RunTime:0.000697s ]
ERR: 无法加载模块:Datagrid_data1

[ 2015-06-04T15:59:58+08:00 ] ::1 /ThinkPHP_BlueSky/index.php/System/Index/index?_=1433404793709
INFO: [ app_init ] --START--
INFO: Run Behavior\BuildLiteBehavior [ RunTime:0.000084s ]
INFO: [ app_init ] --END-- [ RunTime:0.001283s ]
ERR: 无法加载模块:System

[ 2015-06-04T16:01:17+08:00 ] ::1 /ThinkPHP_BlueSky/index.php/_content.html?_=1433404877601
INFO: [ app_init ] --START--
INFO: Run Behavior\BuildLiteBehavior [ RunTime:0.000047s ]
INFO: [ app_init ] --END-- [ RunTime:0.000852s ]
ERR: 无法加载模块:_content

[ 2015-06-04T16:01:18+08:00 ] ::1 /ThinkPHP_BlueSky/index.php/datagrid_data1.json
INFO: [ app_init ] --START--
INFO: Run Behavior\BuildLiteBehavior [ RunTime:0.000107s ]
INFO: [ app_init ] --END-- [ RunTime:0.001718s ]
ERR: 无法加载模块:Datagrid_data1

[ 2015-06-04T16:01:38+08:00 ] ::1 /ThinkPHP_BlueSky/index.php/_content.html?_=1433404898106
INFO: [ app_init ] --START--
INFO: Run Behavior\BuildLiteBehavior [ RunTime:0.000072s ]
INFO: [ app_init ] --END-- [ RunTime:0.000994s ]
ERR: 无法加载模块:_content

[ 2015-06-04T16:01:38+08:00 ] ::1 /ThinkPHP_BlueSky/index.php/datagrid_data1.json
INFO: [ app_init ] --START--
INFO: Run Behavior\BuildLiteBehavior [ RunTime:0.000046s ]
INFO: [ app_init ] --END-- [ RunTime:0.000706s ]
ERR: 无法加载模块:Datagrid_data1

[ 2015-06-04T16:02:11+08:00 ] ::1 /ThinkPHP_BlueSky/index.php/_content.html?_=1433404930830
INFO: [ app_init ] --START--
INFO: Run Behavior\BuildLiteBehavior [ RunTime:0.000080s ]
INFO: [ app_init ] --END-- [ RunTime:0.000993s ]
ERR: 无法加载模块:_content

[ 2015-06-04T16:02:11+08:00 ] ::1 /ThinkPHP_BlueSky/index.php/datagrid_data1.json
INFO: [ app_init ] --START--
INFO: Run Behavior\BuildLiteBehavior [ RunTime:0.000047s ]
INFO: [ app_init ] --END-- [ RunTime:0.000747s ]
ERR: 无法加载模块:Datagrid_data1

[ 2015-06-04T16:02:33+08:00 ] ::1 /ThinkPHP_BlueSky/index.php/_content.html?_=1433404953315
INFO: [ app_init ] --START--
INFO: Run Behavior\BuildLiteBehavior [ RunTime:0.000088s ]
INFO: [ app_init ] --END-- [ RunTime:0.001468s ]
ERR: 无法加载模块:_content

[ 2015-06-04T16:02:33+08:00 ] ::1 /ThinkPHP_BlueSky/index.php/datagrid_data1.json
INFO: [ app_init ] --START--
INFO: Run Behavior\BuildLiteBehavior [ RunTime:0.000062s ]
INFO: [ app_init ] --END-- [ RunTime:0.001490s ]
ERR: 无法加载模块:Datagrid_data1

[ 2015-06-04T17:17:37+08:00 ] ::1 /ThinkPHP_BlueSky/index.php/_content.html?_=1433409457562
INFO: [ app_init ] --START--
INFO: Run Behavior\BuildLiteBehavior [ RunTime:0.000050s ]
INFO: [ app_init ] --END-- [ RunTime:0.000967s ]
ERR: 无法加载模块:_content

[ 2015-06-04T17:17:38+08:00 ] ::1 /ThinkPHP_BlueSky/index.php/datagrid_data1.json
INFO: [ app_init ] --START--
INFO: Run Behavior\BuildLiteBehavior [ RunTime:0.000044s ]
INFO: [ app_init ] --END-- [ RunTime:0.000798s ]
ERR: 无法加载模块:Datagrid_data1

[ 2015-06-04T17:17:42+08:00 ] ::1 /ThinkPHP_BlueSky/index.php/_content.html?_=1433409457564
INFO: [ app_init ] --START--
INFO: Run Behavior\BuildLiteBehavior [ RunTime:0.000088s ]
INFO: [ app_init ] --END-- [ RunTime:0.001369s ]
ERR: 无法加载模块:_content

[ 2015-06-04T17:17:46+08:00 ] ::1 /ThinkPHP_BlueSky/index.php/_content.html?_=1433409457565
INFO: [ app_init ] --START--
INFO: Run Behavior\BuildLiteBehavior [ RunTime:0.000085s ]
INFO: [ app_init ] --END-- [ RunTime:0.001492s ]
ERR: 无法加载模块:_content

[ 2015-06-04T17:18:07+08:00 ] ::1 /ThinkPHP_BlueSky/index.php/_content.html?_=1433409457567
INFO: [ app_init ] --START--
INFO: Run Behavior\BuildLiteBehavior [ RunTime:0.000080s ]
INFO: [ app_init ] --END-- [ RunTime:0.001254s ]
ERR: 无法加载模块:_content

[ 2015-06-04T23:35:10+08:00 ] ::1 /ThinkPHP_BlueSky/index.php/undefined
INFO: [ app_init ] --START--
INFO: Run Behavior\BuildLiteBehavior [ RunTime:0.000048s ]
INFO: [ app_init ] --END-- [ RunTime:0.000744s ]
ERR: 无法加载模块:Undefined

[ 2015-06-04T23:36:22+08:00 ] ::1 /ThinkPHP_BlueSky/index.php/undefined
INFO: [ app_init ] --START--
INFO: Run Behavior\BuildLiteBehavior [ RunTime:0.000048s ]
INFO: [ app_init ] --END-- [ RunTime:0.000969s ]
ERR: 无法加载模块:Undefined

