[ 2015-06-16T15:55:52+08:00 ] 127.0.0.1 /ThinkPHP_BlueSky/index.php/index.php/Home/Public/header
INFO: [ app_init ] --START--
INFO: Run Behavior\BuildLiteBehavior [ RunTime:0.000000s ]
INFO: [ app_init ] --END-- [ RunTime:0.001000s ]
ERR: 无法加载模块:Index.php

[ 2015-06-16T15:55:52+08:00 ] 127.0.0.1 /ThinkPHP_BlueSky/index.php/index.php/Home/Public/footer
INFO: [ app_init ] --START--
INFO: Run Behavior\BuildLiteBehavior [ RunTime:0.000000s ]
INFO: [ app_init ] --END-- [ RunTime:0.002000s ]
ERR: 无法加载模块:Index.php

[ 2015-06-16T15:55:54+08:00 ] 127.0.0.1 /ThinkPHP_BlueSky/index.php/index.php/Home/Public/header
INFO: [ app_init ] --START--
INFO: Run Behavior\BuildLiteBehavior [ RunTime:0.000000s ]
INFO: [ app_init ] --END-- [ RunTime:0.001000s ]
ERR: 无法加载模块:Index.php

[ 2015-06-16T15:55:55+08:00 ] 127.0.0.1 /ThinkPHP_BlueSky/index.php/index.php/Home/Public/footer
INFO: [ app_init ] --START--
INFO: Run Behavior\BuildLiteBehavior [ RunTime:0.000000s ]
INFO: [ app_init ] --END-- [ RunTime:0.001000s ]
ERR: 无法加载模块:Index.php

